<?xml version="1.0" encoding="UTF-8"?>
<testng-results skipped="0" failed="0" ignored="0" total="1" passed="1">
  <reporter-output>
  </reporter-output>
  <suite name="Suite" duration-ms="145023" started-at="2020-06-20T18:38:17 IST" finished-at="2020-06-20T18:40:42 IST">
    <groups>
    </groups>
    <test name="Test" duration-ms="145023" started-at="2020-06-20T18:38:17 IST" finished-at="2020-06-20T18:40:42 IST">
      <class name="pages.Challenge1">
        <test-method status="PASS" signature="Test()[pri:0, instance:pages.Challenge1@3b088d51]" name="Test" duration-ms="144990" started-at="2020-06-20T18:38:17 IST" finished-at="2020-06-20T18:40:42 IST">
          <reporter-output>
          </reporter-output>
        </test-method> <!-- Test -->
      </class> <!-- pages.Challenge1 -->
    </test> <!-- Test -->
  </suite> <!-- Suite -->
</testng-results>
